<?xml version="1.0" encoding="UTF-8"?>
<!-- Generated by org.testng.reporters.JUnitReportReporter -->
<testsuite hostname="Vignesh-G" failures="0" tests="2" name="Runner.Runner" time="115.844" errors="0" timestamp="2 Dec 2020 13:14:53 GMT">
  <testcase classname="Runner.Runner" name="feature" time="25.735"/>
  <testcase classname="Runner.Runner" name="feature" time="90.109"/>
</testsuite> <!-- Runner.Runner -->
